# JRE version: OpenJDK Runtime Environment (11.0.12+7) (build 11.0.12+7-b1504.28-7817840)
# Java VM: OpenJDK 64-Bit Server VM (11.0.12+7-b1504.28-7817840, mixed mode, tiered, compressed oops, g1 gc, windows-amd64)
Heap:
 garbage-first heap   total 488448K, used 321185K [0x0000000080000000, 0x0000000100000000)
  region size 1024K, 164 young (167936K), 19 survivors (19456K)
 Metaspace       used 115007K, capacity 117894K, committed 118076K, reserved 1153024K
  class space    used 14359K, capacity 15515K, committed 15588K, reserved 1048576K
GC Heap History (20 events):
Event: 50.906 GC heap before
{Heap before GC invocations=67 (full 0):
 garbage-first heap   total 350208K, used 302912K [0x0000000080000000, 0x0000000100000000)
  region size 1024K, 170 young (174080K), 9 survivors (9216K)
 Metaspace       used 111988K, capacity 114603K, committed 114748K, reserved 1148928K
  class space    used 14007K, capacity 15032K, committed 15076K, reserved 1048576K
}
Event: 50.937 GC heap after
{Heap after GC invocations=68 (full 0):
 garbage-first heap   total 420864K, used 139110K [0x0000000080000000, 0x0000000100000000)
  region size 1024K, 10 young (10240K), 10 survivors (10240K)
 Metaspace       used 111988K, capacity 114603K, committed 114748K, reserved 1148928K
  class space    used 14007K, capacity 15032K, committed 15076K, reserved 1048576K
}
Event: 51.989 GC heap before
{Heap before GC invocations=68 (full 0):
 garbage-first heap   total 420864K, used 345958K [0x0000000080000000, 0x0000000100000000)
  region size 1024K, 212 young (217088K), 10 survivors (10240K)
 Metaspace       used 112285K, capacity 114908K, committed 115004K, reserved 1148928K
  class space    used 14042K, capacity 15048K, committed 15076K, reserved 1048576K
}
Event: 52.016 GC heap after
{Heap after GC invocations=69 (full 0):
 garbage-first heap   total 420864K, used 140593K [0x0000000080000000, 0x0000000100000000)
  region size 1024K, 11 young (11264K), 11 survivors (11264K)
 Metaspace       used 112285K, capacity 114908K, committed 115004K, reserved 1148928K
  class space    used 14042K, capacity 15048K, committed 15076K, reserved 1048576K
}
Event: 53.308 GC heap before
{Heap before GC invocations=69 (full 0):
 garbage-first heap   total 420864K, used 364849K [0x0000000080000000, 0x0000000100000000)
  region size 1024K, 231 young (236544K), 11 survivors (11264K)
 Metaspace       used 112655K, capacity 115268K, committed 115644K, reserved 1150976K
  class space    used 14064K, capacity 15081K, committed 15204K, reserved 1048576K
}
Event: 53.345 GC heap after
{Heap after GC invocations=70 (full 0):
 garbage-first heap   total 420864K, used 142429K [0x0000000080000000, 0x0000000100000000)
  region size 1024K, 10 young (10240K), 10 survivors (10240K)
 Metaspace       used 112655K, capacity 115268K, committed 115644K, reserved 1150976K
  class space    used 14064K, capacity 15081K, committed 15204K, reserved 1048576K
}
Event: 54.727 GC heap before
{Heap before GC invocations=70 (full 0):
 garbage-first heap   total 420864K, used 366685K [0x0000000080000000, 0x0000000100000000)
  region size 1024K, 229 young (234496K), 10 survivors (10240K)
 Metaspace       used 114711K, capacity 117605K, committed 117820K, reserved 1150976K
  class space    used 14352K, capacity 15503K, committed 15588K, reserved 1048576K
}
Event: 54.756 GC heap after
{Heap after GC invocations=71 (full 0):
 garbage-first heap   total 420864K, used 143380K [0x0000000080000000, 0x0000000100000000)
  region size 1024K, 11 young (11264K), 11 survivors (11264K)
 Metaspace       used 114711K, capacity 117605K, committed 117820K, reserved 1150976K
  class space    used 14352K, capacity 15503K, committed 15588K, reserved 1048576K
}
Event: 55.835 GC heap before
{Heap before GC invocations=71 (full 0):
 garbage-first heap   total 420864K, used 365588K [0x0000000080000000, 0x0000000100000000)
  region size 1024K, 228 young (233472K), 11 survivors (11264K)
 Metaspace       used 114915K, capacity 117853K, committed 118076K, reserved 1153024K
  class space    used 14352K, capacity 15504K, committed 15588K, reserved 1048576K
}
Event: 55.888 GC heap after
{Heap after GC invocations=72 (full 0):
 garbage-first heap   total 420864K, used 156396K [0x0000000080000000, 0x0000000100000000)
  region size 1024K, 23 young (23552K), 23 survivors (23552K)
 Metaspace       used 114915K, capacity 117853K, committed 118076K, reserved 1153024K
  class space    used 14352K, capacity 15504K, committed 15588K, reserved 1048576K
}
Event: 56.644 GC heap before
{Heap before GC invocations=72 (full 0):
 garbage-first heap   total 420864K, used 354028K [0x0000000080000000, 0x0000000100000000)
  region size 1024K, 216 young (221184K), 23 survivors (23552K)
 Metaspace       used 114930K, capacity 117854K, committed 118076K, reserved 1153024K
  class space    used 14352K, capacity 15504K, committed 15588K, reserved 1048576K
}
Event: 56.696 GC heap after
{Heap after GC invocations=73 (full 0):
 garbage-first heap   total 488448K, used 156943K [0x0000000080000000, 0x0000000100000000)
  region size 1024K, 4 young (4096K), 4 survivors (4096K)
 Metaspace       used 114930K, capacity 117854K, committed 118076K, reserved 1153024K
  class space    used 14352K, capacity 15504K, committed 15588K, reserved 1048576K
}
Event: 57.727 GC heap before
{Heap before GC invocations=73 (full 0):
 garbage-first heap   total 488448K, used 397583K [0x0000000080000000, 0x0000000100000000)
  region size 1024K, 239 young (244736K), 4 survivors (4096K)
 Metaspace       used 114938K, capacity 117862K, committed 118076K, reserved 1153024K
  class space    used 14354K, capacity 15507K, committed 15588K, reserved 1048576K
}
Event: 57.737 GC heap after
{Heap after GC invocations=74 (full 0):
 garbage-first heap   total 488448K, used 156633K [0x0000000080000000, 0x0000000100000000)
  region size 1024K, 4 young (4096K), 4 survivors (4096K)
 Metaspace       used 114938K, capacity 117862K, committed 118076K, reserved 1153024K
  class space    used 14354K, capacity 15507K, committed 15588K, reserved 1048576K
}
Event: 58.777 GC heap before
{Heap before GC invocations=74 (full 0):
 garbage-first heap   total 488448K, used 411609K [0x0000000080000000, 0x0000000100000000)
  region size 1024K, 253 young (259072K), 4 survivors (4096K)
 Metaspace       used 114948K, capacity 117862K, committed 118076K, reserved 1153024K
  class space    used 14354K, capacity 15507K, committed 15588K, reserved 1048576K
}
Event: 58.792 GC heap after
{Heap after GC invocations=75 (full 0):
 garbage-first heap   total 488448K, used 158382K [0x0000000080000000, 0x0000000100000000)
  region size 1024K, 6 young (6144K), 6 survivors (6144K)
 Metaspace       used 114948K, capacity 117862K, committed 118076K, reserved 1153024K
  class space    used 14354K, capacity 15507K, committed 15588K, reserved 1048576K
}
Event: 59.761 GC heap before
{Heap before GC invocations=75 (full 0):
 garbage-first heap   total 488448K, used 415406K [0x0000000080000000, 0x0000000100000000)
  region size 1024K, 257 young (263168K), 6 survivors (6144K)
 Metaspace       used 114976K, capacity 117885K, committed 118076K, reserved 1153024K
  class space    used 14357K, capacity 15512K, committed 15588K, reserved 1048576K
}
Event: 59.793 GC heap after
{Heap after GC invocations=76 (full 0):
 garbage-first heap   total 488448K, used 170554K [0x0000000080000000, 0x0000000100000000)
  region size 1024K, 18 young (18432K), 18 survivors (18432K)
 Metaspace       used 114976K, capacity 117885K, committed 118076K, reserved 1153024K
  class space    used 14357K, capacity 15512K, committed 15588K, reserved 1048576K
}
Event: 60.756 GC heap before
{Heap before GC invocations=76 (full 0):
 garbage-first heap   total 488448K, used 410170K [0x0000000080000000, 0x0000000100000000)
  region size 1024K, 252 young (258048K), 18 survivors (18432K)
 Metaspace       used 114986K, capacity 117890K, committed 118076K, reserved 1153024K
  class space    used 14358K, capacity 15514K, committed 15588K, reserved 1048576K
}
Event: 60.798 GC heap after
{Heap after GC invocations=77 (full 0):
 garbage-first heap   total 488448K, used 173729K [0x0000000080000000, 0x0000000100000000)
  region size 1024K, 19 young (19456K), 19 survivors (19456K)
 Metaspace       used 114986K, capacity 117890K, committed 118076K, reserved 1153024K
  class space    used 14358K, capacity 15514K, committed 15588K, reserved 1048576K
}

